<?xml version="1.0" encoding="UTF-8"?>
<testng-results ignored="0" total="2" passed="2" failed="0" skipped="0">
  <reporter-output>
  </reporter-output>
  <suite started-at="2024-01-30T21:16:25 IST" name="Suite" finished-at="2024-01-30T21:16:36 IST" duration-ms="11183">
    <groups>
    </groups>
    <test started-at="2024-01-30T21:16:25 IST" name="Test" finished-at="2024-01-30T21:16:36 IST" duration-ms="11183">
      <class name="testcases.LoginTest">
        <test-method is-config="true" signature="setupBrowser()[pri:0, instance:testcases.LoginTest@1fb669c3]" started-at="2024-01-30T21:16:26 IST" name="setupBrowser" finished-at="2024-01-30T21:16:30 IST" duration-ms="4012" status="PASS">
          <reporter-output>
          </reporter-output>
        </test-method> <!-- setupBrowser -->
        <test-method signature="loginToApplication(java.lang.String,java.lang.String)[pri:0, instance:testcases.LoginTest@1fb669c3]" started-at="2024-01-30T21:16:30 IST" name="loginToApplication" data-provider="loginDetails" finished-at="2024-01-30T21:16:31 IST" duration-ms="1080" status="PASS">
          <params>
            <param index="0">
              <value>
                <![CDATA[ineuron@ineuron.ai]]>
              </value>
            </param>
            <param index="1">
              <value>
                <![CDATA[ineuron]]>
              </value>
            </param>
          </params>
          <reporter-output>
          </reporter-output>
        </test-method> <!-- loginToApplication -->
        <test-method is-config="true" signature="closeBrowser()[pri:0, instance:testcases.LoginTest@1fb669c3]" started-at="2024-01-30T21:16:31 IST" name="closeBrowser" finished-at="2024-01-30T21:16:31 IST" duration-ms="230" status="PASS">
          <reporter-output>
          </reporter-output>
        </test-method> <!-- closeBrowser -->
        <test-method is-config="true" signature="setupBrowser()[pri:0, instance:testcases.LoginTest@1fb669c3]" started-at="2024-01-30T21:16:31 IST" name="setupBrowser" finished-at="2024-01-30T21:16:35 IST" duration-ms="3740" status="PASS">
          <reporter-output>
          </reporter-output>
        </test-method> <!-- setupBrowser -->
        <test-method signature="loginToApplication(java.lang.String,java.lang.String)[pri:0, instance:testcases.LoginTest@1fb669c3]" started-at="2024-01-30T21:16:35 IST" name="loginToApplication" data-provider="loginDetails" finished-at="2024-01-30T21:16:36 IST" duration-ms="868" status="PASS">
          <params>
            <param index="0">
              <value>
                <![CDATA[admin@admin.com]]>
              </value>
            </param>
            <param index="1">
              <value>
                <![CDATA[admin]]>
              </value>
            </param>
          </params>
          <reporter-output>
          </reporter-output>
        </test-method> <!-- loginToApplication -->
        <test-method is-config="true" signature="closeBrowser()[pri:0, instance:testcases.LoginTest@1fb669c3]" started-at="2024-01-30T21:16:36 IST" name="closeBrowser" finished-at="2024-01-30T21:16:36 IST" duration-ms="210" status="PASS">
          <reporter-output>
          </reporter-output>
        </test-method> <!-- closeBrowser -->
      </class> <!-- testcases.LoginTest -->
    </test> <!-- Test -->
  </suite> <!-- Suite -->
</testng-results>
